2023-04-05T08:47:20.521+08:00  INFO 4348 --- [restartedMain] com.mow.MealsOnWheelsApiApplication      : Starting MealsOnWheelsApiApplication using Java 17.0.6 with PID 4348 (D:\Java\Spring Tool Suite\Workspace\meals-on-wheels-api\target\classes started by USER in D:\Java\Spring Tool Suite\Workspace\meals-on-wheels-api)
2023-04-05T08:47:20.522+08:00  INFO 4348 --- [restartedMain] com.mow.MealsOnWheelsApiApplication      : No active profile set, falling back to 1 default profile: "default"
2023-04-05T08:47:20.583+08:00  INFO 4348 --- [restartedMain] .s.d.r.c.RepositoryConfigurationDelegate : Bootstrapping Spring Data JPA repositories in DEFAULT mode.
2023-04-05T08:47:20.597+08:00  INFO 4348 --- [restartedMain] .s.d.r.c.RepositoryConfigurationDelegate : Finished Spring Data repository scanning in 13 ms. Found 11 JPA repository interfaces.
2023-04-05T08:47:20.629+08:00  INFO 4348 --- [restartedMain] o.s.b.w.embedded.tomcat.TomcatWebServer  : Tomcat initialized with port(s): 8080 (http)
2023-04-05T08:47:20.630+08:00  INFO 4348 --- [restartedMain] o.apache.catalina.core.StandardService   : Starting service [Tomcat]
2023-04-05T08:47:20.630+08:00  INFO 4348 --- [restartedMain] o.apache.catalina.core.StandardEngine    : Starting Servlet engine: [Apache Tomcat/10.1.5]
2023-04-05T08:47:20.636+08:00  INFO 4348 --- [restartedMain] o.a.c.c.C.[Tomcat].[localhost].[/]       : Initializing Spring embedded WebApplicationContext
2023-04-05T08:47:20.636+08:00  INFO 4348 --- [restartedMain] w.s.c.ServletWebServerApplicationContext : Root WebApplicationContext: initialization completed in 114 ms
2023-04-05T08:47:20.650+08:00  INFO 4348 --- [restartedMain] o.hibernate.jpa.internal.util.LogHelper  : HHH000204: Processing PersistenceUnitInfo [name: default]
2023-04-05T08:47:20.652+08:00  INFO 4348 --- [restartedMain] com.zaxxer.hikari.HikariDataSource       : HikariPool-4 - Starting...
2023-04-05T08:47:20.657+08:00  INFO 4348 --- [restartedMain] com.zaxxer.hikari.pool.HikariPool        : HikariPool-4 - Added connection com.mysql.cj.jdbc.ConnectionImpl@6f79b800
2023-04-05T08:47:20.657+08:00  INFO 4348 --- [restartedMain] com.zaxxer.hikari.HikariDataSource       : HikariPool-4 - Start completed.
2023-04-05T08:47:20.657+08:00  WARN 4348 --- [restartedMain] org.hibernate.dialect.Dialect            : HHH000511: The 5.0.0 version for [org.hibernate.dialect.MySQL5Dialect] is no longer supported, hence certain features may not work properly. The minimum supported version is 5.7.0. Check the community dialects project for available legacy versions.
2023-04-05T08:47:20.657+08:00  INFO 4348 --- [restartedMain] SQL dialect                              : HHH000400: Using dialect: org.hibernate.dialect.MySQL5Dialect
2023-04-05T08:47:20.657+08:00  WARN 4348 --- [restartedMain] org.hibernate.orm.deprecation            : HHH90000026: MySQL5Dialect has been deprecated; use org.hibernate.dialect.MySQLDialect instead
2023-04-05T08:47:20.789+08:00  INFO 4348 --- [restartedMain] o.h.e.t.j.p.i.JtaPlatformInitiator       : HHH000490: Using JtaPlatform implementation: [org.hibernate.engine.transaction.jta.platform.internal.NoJtaPlatform]
2023-04-05T08:47:20.789+08:00  INFO 4348 --- [restartedMain] j.LocalContainerEntityManagerFactoryBean : Initialized JPA EntityManagerFactory for persistence unit 'default'
2023-04-05T08:47:20.892+08:00  WARN 4348 --- [restartedMain] JpaBaseConfiguration$JpaWebConfiguration : spring.jpa.open-in-view is enabled by default. Therefore, database queries may be performed during view rendering. Explicitly configure spring.jpa.open-in-view to disable this warning
2023-04-05T08:47:20.921+08:00  INFO 4348 --- [restartedMain] o.s.s.web.DefaultSecurityFilterChain     : Will secure any request with [org.springframework.security.web.session.DisableEncodeUrlFilter@e86ff8d, org.springframework.security.web.context.request.async.WebAsyncManagerIntegrationFilter@677c9c97, org.springframework.security.web.context.SecurityContextHolderFilter@5ae451dd, org.springframework.security.web.header.HeaderWriterFilter@6b8695a0, org.springframework.web.filter.CorsFilter@b7a255e, org.springframework.security.web.authentication.logout.LogoutFilter@48a0841c, org.springframework.security.web.authentication.www.BasicAuthenticationFilter@424a13bc, org.springframework.security.web.savedrequest.RequestCacheAwareFilter@26bac61d, org.springframework.security.web.servletapi.SecurityContextHolderAwareRequestFilter@6f46e2a3, org.springframework.security.web.authentication.AnonymousAuthenticationFilter@19bf107e, org.springframework.security.web.access.ExceptionTranslationFilter@3e9ef57c, org.springframework.security.web.access.intercept.AuthorizationFilter@60519779]
2023-04-05T08:47:20.952+08:00  INFO 4348 --- [restartedMain] o.s.b.d.a.OptionalLiveReloadServer       : LiveReload server is running on port 35729
2023-04-05T08:47:20.958+08:00  INFO 4348 --- [restartedMain] o.s.b.w.embedded.tomcat.TomcatWebServer  : Tomcat started on port(s): 8080 (http) with context path ''
2023-04-05T08:47:20.960+08:00  INFO 4348 --- [restartedMain] com.mow.MealsOnWheelsApiApplication      : Started MealsOnWheelsApiApplication in 0.454 seconds (process running for 83.638)
2023-04-05T08:47:20.960+08:00  INFO 4348 --- [restartedMain] .ConditionEvaluationDeltaLoggingListener : Condition evaluation unchanged
2023-04-05T08:47:25.448+08:00  INFO 4348 --- [RMI TCP Connection(2)-127.0.0.1] inMXBeanRegistrar$SpringApplicationAdmin : Application shutdown requested.
2023-04-05T08:47:25.451+08:00  INFO 4348 --- [RMI TCP Connection(2)-127.0.0.1] o.apache.catalina.core.StandardService   : Stopping service [Tomcat]
2023-04-05T08:47:25.453+08:00  INFO 4348 --- [RMI TCP Connection(2)-127.0.0.1] j.LocalContainerEntityManagerFactoryBean : Closing JPA EntityManagerFactory for persistence unit 'default'
2023-04-05T08:47:25.454+08:00  INFO 4348 --- [RMI TCP Connection(2)-127.0.0.1] com.zaxxer.hikari.HikariDataSource       : HikariPool-4 - Shutdown initiated...
2023-04-05T08:47:25.456+08:00  INFO 4348 --- [RMI TCP Connection(2)-127.0.0.1] com.zaxxer.hikari.HikariDataSource       : HikariPool-4 - Shutdown completed.
2023-04-05T10:12:32.250+08:00  INFO 15112 --- [restartedMain] com.mow.MealsOnWheelsApiApplication      : Starting MealsOnWheelsApiApplication using Java 17.0.6 with PID 15112 (C:\Users\User\Desktop\ASSIGNMENT\Git Nap\DEA\meals-on-wheels-api\target\classes started by User in C:\Users\User\Desktop\ASSIGNMENT\Git Nap\DEA\meals-on-wheels-api)
2023-04-05T10:12:32.252+08:00  INFO 15112 --- [restartedMain] com.mow.MealsOnWheelsApiApplication      : No active profile set, falling back to 1 default profile: "default"
2023-04-05T10:12:32.281+08:00  INFO 15112 --- [restartedMain] .e.DevToolsPropertyDefaultsPostProcessor : Devtools property defaults active! Set 'spring.devtools.add-properties' to 'false' to disable
2023-04-05T10:12:32.281+08:00  INFO 15112 --- [restartedMain] .e.DevToolsPropertyDefaultsPostProcessor : For additional web related logging consider setting the 'logging.level.web' property to 'DEBUG'
2023-04-05T10:12:32.694+08:00  INFO 15112 --- [restartedMain] .s.d.r.c.RepositoryConfigurationDelegate : Bootstrapping Spring Data JPA repositories in DEFAULT mode.
2023-04-05T10:12:32.754+08:00  INFO 15112 --- [restartedMain] .s.d.r.c.RepositoryConfigurationDelegate : Finished Spring Data repository scanning in 54 ms. Found 11 JPA repository interfaces.
2023-04-05T10:12:33.076+08:00  INFO 15112 --- [restartedMain] o.s.b.w.embedded.tomcat.TomcatWebServer  : Tomcat initialized with port(s): 8080 (http)
2023-04-05T10:12:33.081+08:00  INFO 15112 --- [restartedMain] o.apache.catalina.core.StandardService   : Starting service [Tomcat]
2023-04-05T10:12:33.082+08:00  INFO 15112 --- [restartedMain] o.apache.catalina.core.StandardEngine    : Starting Servlet engine: [Apache Tomcat/10.1.5]
2023-04-05T10:12:33.111+08:00  INFO 15112 --- [restartedMain] o.a.c.c.C.[Tomcat].[localhost].[/]       : Initializing Spring embedded WebApplicationContext
2023-04-05T10:12:33.112+08:00  INFO 15112 --- [restartedMain] w.s.c.ServletWebServerApplicationContext : Root WebApplicationContext: initialization completed in 830 ms
2023-04-05T10:12:33.193+08:00  INFO 15112 --- [restartedMain] o.hibernate.jpa.internal.util.LogHelper  : HHH000204: Processing PersistenceUnitInfo [name: default]
2023-04-05T10:12:33.231+08:00  INFO 15112 --- [restartedMain] org.hibernate.Version                    : HHH000412: Hibernate ORM core version 6.1.7.Final
2023-04-05T10:12:33.421+08:00  INFO 15112 --- [restartedMain] com.zaxxer.hikari.HikariDataSource       : HikariPool-1 - Starting...
2023-04-05T10:12:33.643+08:00  INFO 15112 --- [restartedMain] com.zaxxer.hikari.pool.HikariPool        : HikariPool-1 - Added connection com.mysql.cj.jdbc.ConnectionImpl@291d2074
2023-04-05T10:12:33.645+08:00  INFO 15112 --- [restartedMain] com.zaxxer.hikari.HikariDataSource       : HikariPool-1 - Start completed.
2023-04-05T10:12:33.654+08:00  WARN 15112 --- [restartedMain] org.hibernate.dialect.Dialect            : HHH000511: The 5.0.0 version for [org.hibernate.dialect.MySQL5Dialect] is no longer supported, hence certain features may not work properly. The minimum supported version is 5.7.0. Check the community dialects project for available legacy versions.
2023-04-05T10:12:33.655+08:00  INFO 15112 --- [restartedMain] SQL dialect                              : HHH000400: Using dialect: org.hibernate.dialect.MySQL5Dialect
2023-04-05T10:12:33.656+08:00  WARN 15112 --- [restartedMain] org.hibernate.orm.deprecation            : HHH90000026: MySQL5Dialect has been deprecated; use org.hibernate.dialect.MySQLDialect instead
2023-04-05T10:12:34.281+08:00  INFO 15112 --- [restartedMain] o.h.e.t.j.p.i.JtaPlatformInitiator       : HHH000490: Using JtaPlatform implementation: [org.hibernate.engine.transaction.jta.platform.internal.NoJtaPlatform]
2023-04-05T10:12:34.287+08:00  INFO 15112 --- [restartedMain] j.LocalContainerEntityManagerFactoryBean : Initialized JPA EntityManagerFactory for persistence unit 'default'
2023-04-05T10:12:34.612+08:00  WARN 15112 --- [restartedMain] JpaBaseConfiguration$JpaWebConfiguration : spring.jpa.open-in-view is enabled by default. Therefore, database queries may be performed during view rendering. Explicitly configure spring.jpa.open-in-view to disable this warning
2023-04-05T10:12:34.777+08:00  INFO 15112 --- [restartedMain] o.s.s.web.DefaultSecurityFilterChain     : Will secure any request with [org.springframework.security.web.session.DisableEncodeUrlFilter@650c9041, org.springframework.security.web.context.request.async.WebAsyncManagerIntegrationFilter@69cdb5ce, org.springframework.security.web.context.SecurityContextHolderFilter@30a03587, org.springframework.security.web.header.HeaderWriterFilter@4f501e62, org.springframework.web.filter.CorsFilter@1a41265f, org.springframework.security.web.authentication.logout.LogoutFilter@64689b42, org.springframework.security.web.authentication.www.BasicAuthenticationFilter@46ff12fa, org.springframework.security.web.savedrequest.RequestCacheAwareFilter@47c50704, org.springframework.security.web.servletapi.SecurityContextHolderAwareRequestFilter@5ebd406d, org.springframework.security.web.authentication.AnonymousAuthenticationFilter@de9fc4b, org.springframework.security.web.access.ExceptionTranslationFilter@28db47df, org.springframework.security.web.access.intercept.AuthorizationFilter@7e07e877]
2023-04-05T10:12:34.908+08:00  INFO 15112 --- [restartedMain] o.s.b.d.a.OptionalLiveReloadServer       : LiveReload server is running on port 35729
2023-04-05T10:12:34.930+08:00  INFO 15112 --- [restartedMain] o.s.b.w.embedded.tomcat.TomcatWebServer  : Tomcat started on port(s): 8080 (http) with context path ''
2023-04-05T10:12:34.935+08:00  INFO 15112 --- [restartedMain] com.mow.MealsOnWheelsApiApplication      : Started MealsOnWheelsApiApplication in 2.971 seconds (process running for 3.542)
2023-04-05T10:13:16.880+08:00  INFO 15112 --- [http-nio-8080-exec-1] o.a.c.c.C.[Tomcat].[localhost].[/]       : Initializing Spring DispatcherServlet 'dispatcherServlet'
2023-04-05T10:13:16.881+08:00  INFO 15112 --- [http-nio-8080-exec-1] o.s.web.servlet.DispatcherServlet        : Initializing Servlet 'dispatcherServlet'
2023-04-05T10:13:16.881+08:00  INFO 15112 --- [http-nio-8080-exec-1] o.s.web.servlet.DispatcherServlet        : Completed initialization in 0 ms
2023-04-05T10:24:20.112+08:00  INFO 15112 --- [File Watcher] rtingClassPathChangeChangedEventListener : Restarting due to 2 class path changes (0 additions, 0 deletions, 2 modifications)
2023-04-05T10:24:20.121+08:00  INFO 15112 --- [Thread-5] o.apache.catalina.core.StandardService   : Stopping service [Tomcat]
2023-04-05T10:24:20.122+08:00  INFO 15112 --- [Thread-5] o.a.c.c.C.[Tomcat].[localhost].[/]       : Destroying Spring FrameworkServlet 'dispatcherServlet'
2023-04-05T10:24:20.126+08:00  INFO 15112 --- [Thread-5] j.LocalContainerEntityManagerFactoryBean : Closing JPA EntityManagerFactory for persistence unit 'default'
2023-04-05T10:24:20.129+08:00  INFO 15112 --- [Thread-5] com.zaxxer.hikari.HikariDataSource       : HikariPool-1 - Shutdown initiated...
2023-04-05T10:24:20.133+08:00  INFO 15112 --- [Thread-5] com.zaxxer.hikari.HikariDataSource       : HikariPool-1 - Shutdown completed.
2023-04-05T10:24:20.181+08:00  INFO 15112 --- [restartedMain] com.mow.MealsOnWheelsApiApplication      : Starting MealsOnWheelsApiApplication using Java 17.0.6 with PID 15112 (C:\Users\User\Desktop\ASSIGNMENT\Git Nap\DEA\meals-on-wheels-api\target\classes started by User in C:\Users\User\Desktop\ASSIGNMENT\Git Nap\DEA\meals-on-wheels-api)
2023-04-05T10:24:20.181+08:00  INFO 15112 --- [restartedMain] com.mow.MealsOnWheelsApiApplication      : No active profile set, falling back to 1 default profile: "default"
2023-04-05T10:24:20.281+08:00  INFO 15112 --- [restartedMain] .s.d.r.c.RepositoryConfigurationDelegate : Bootstrapping Spring Data JPA repositories in DEFAULT mode.
2023-04-05T10:24:20.298+08:00  INFO 15112 --- [restartedMain] .s.d.r.c.RepositoryConfigurationDelegate : Finished Spring Data repository scanning in 17 ms. Found 11 JPA repository interfaces.
2023-04-05T10:24:20.356+08:00  INFO 15112 --- [restartedMain] o.s.b.w.embedded.tomcat.TomcatWebServer  : Tomcat initialized with port(s): 8080 (http)
2023-04-05T10:24:20.356+08:00  INFO 15112 --- [restartedMain] o.apache.catalina.core.StandardService   : Starting service [Tomcat]
2023-04-05T10:24:20.357+08:00  INFO 15112 --- [restartedMain] o.apache.catalina.core.StandardEngine    : Starting Servlet engine: [Apache Tomcat/10.1.5]
2023-04-05T10:24:20.365+08:00  INFO 15112 --- [restartedMain] o.a.c.c.C.[Tomcat].[localhost].[/]       : Initializing Spring embedded WebApplicationContext
2023-04-05T10:24:20.365+08:00  INFO 15112 --- [restartedMain] w.s.c.ServletWebServerApplicationContext : Root WebApplicationContext: initialization completed in 183 ms
2023-04-05T10:24:20.390+08:00  INFO 15112 --- [restartedMain] o.hibernate.jpa.internal.util.LogHelper  : HHH000204: Processing PersistenceUnitInfo [name: default]
2023-04-05T10:24:20.394+08:00  INFO 15112 --- [restartedMain] com.zaxxer.hikari.HikariDataSource       : HikariPool-2 - Starting...
2023-04-05T10:24:20.402+08:00  INFO 15112 --- [restartedMain] com.zaxxer.hikari.pool.HikariPool        : HikariPool-2 - Added connection com.mysql.cj.jdbc.ConnectionImpl@73bf4124
2023-04-05T10:24:20.402+08:00  INFO 15112 --- [restartedMain] com.zaxxer.hikari.HikariDataSource       : HikariPool-2 - Start completed.
2023-04-05T10:24:20.402+08:00  WARN 15112 --- [restartedMain] org.hibernate.dialect.Dialect            : HHH000511: The 5.0.0 version for [org.hibernate.dialect.MySQL5Dialect] is no longer supported, hence certain features may not work properly. The minimum supported version is 5.7.0. Check the community dialects project for available legacy versions.
2023-04-05T10:24:20.403+08:00  INFO 15112 --- [restartedMain] SQL dialect                              : HHH000400: Using dialect: org.hibernate.dialect.MySQL5Dialect
2023-04-05T10:24:20.403+08:00  WARN 15112 --- [restartedMain] org.hibernate.orm.deprecation            : HHH90000026: MySQL5Dialect has been deprecated; use org.hibernate.dialect.MySQLDialect instead
2023-04-05T10:24:20.591+08:00  INFO 15112 --- [restartedMain] o.h.e.t.j.p.i.JtaPlatformInitiator       : HHH000490: Using JtaPlatform implementation: [org.hibernate.engine.transaction.jta.platform.internal.NoJtaPlatform]
2023-04-05T10:24:20.591+08:00  INFO 15112 --- [restartedMain] j.LocalContainerEntityManagerFactoryBean : Initialized JPA EntityManagerFactory for persistence unit 'default'
2023-04-05T10:24:20.743+08:00  WARN 15112 --- [restartedMain] JpaBaseConfiguration$JpaWebConfiguration : spring.jpa.open-in-view is enabled by default. Therefore, database queries may be performed during view rendering. Explicitly configure spring.jpa.open-in-view to disable this warning
2023-04-05T10:24:20.782+08:00  INFO 15112 --- [restartedMain] o.s.s.web.DefaultSecurityFilterChain     : Will secure any request with [org.springframework.security.web.session.DisableEncodeUrlFilter@5cc93501, org.springframework.security.web.context.request.async.WebAsyncManagerIntegrationFilter@d9131df, org.springframework.security.web.context.SecurityContextHolderFilter@5d7d135d, org.springframework.security.web.header.HeaderWriterFilter@67e4c48a, org.springframework.web.filter.CorsFilter@77720189, org.springframework.security.web.authentication.logout.LogoutFilter@79da1a68, org.springframework.security.web.authentication.www.BasicAuthenticationFilter@69847189, org.springframework.security.web.savedrequest.RequestCacheAwareFilter@2c343bc7, org.springframework.security.web.servletapi.SecurityContextHolderAwareRequestFilter@6ebdb3, org.springframework.security.web.authentication.AnonymousAuthenticationFilter@3d302ed7, org.springframework.security.web.access.ExceptionTranslationFilter@5e9e5d17, org.springframework.security.web.access.intercept.AuthorizationFilter@5f48cc]
2023-04-05T10:24:20.819+08:00  INFO 15112 --- [restartedMain] o.s.b.d.a.OptionalLiveReloadServer       : LiveReload server is running on port 35729
2023-04-05T10:24:20.825+08:00  INFO 15112 --- [restartedMain] o.s.b.w.embedded.tomcat.TomcatWebServer  : Tomcat started on port(s): 8080 (http) with context path ''
2023-04-05T10:24:20.828+08:00  INFO 15112 --- [restartedMain] com.mow.MealsOnWheelsApiApplication      : Started MealsOnWheelsApiApplication in 0.665 seconds (process running for 709.435)
2023-04-05T10:24:20.829+08:00  INFO 15112 --- [restartedMain] .ConditionEvaluationDeltaLoggingListener : Condition evaluation unchanged
2023-04-05T10:24:46.903+08:00  INFO 15112 --- [File Watcher] rtingClassPathChangeChangedEventListener : Restarting due to 1 class path change (0 additions, 0 deletions, 1 modification)
2023-04-05T10:24:46.908+08:00  INFO 15112 --- [Thread-7] o.apache.catalina.core.StandardService   : Stopping service [Tomcat]
2023-04-05T10:24:46.910+08:00  INFO 15112 --- [Thread-7] j.LocalContainerEntityManagerFactoryBean : Closing JPA EntityManagerFactory for persistence unit 'default'
2023-04-05T10:24:46.910+08:00  INFO 15112 --- [Thread-7] com.zaxxer.hikari.HikariDataSource       : HikariPool-2 - Shutdown initiated...
2023-04-05T10:24:46.912+08:00  INFO 15112 --- [Thread-7] com.zaxxer.hikari.HikariDataSource       : HikariPool-2 - Shutdown completed.
2023-04-05T10:24:46.949+08:00  INFO 15112 --- [restartedMain] com.mow.MealsOnWheelsApiApplication      : Starting MealsOnWheelsApiApplication using Java 17.0.6 with PID 15112 (C:\Users\User\Desktop\ASSIGNMENT\Git Nap\DEA\meals-on-wheels-api\target\classes started by User in C:\Users\User\Desktop\ASSIGNMENT\Git Nap\DEA\meals-on-wheels-api)
2023-04-05T10:24:46.949+08:00  INFO 15112 --- [restartedMain] com.mow.MealsOnWheelsApiApplication      : No active profile set, falling back to 1 default profile: "default"
2023-04-05T10:24:47.036+08:00  INFO 15112 --- [restartedMain] .s.d.r.c.RepositoryConfigurationDelegate : Bootstrapping Spring Data JPA repositories in DEFAULT mode.
2023-04-05T10:24:47.050+08:00  INFO 15112 --- [restartedMain] .s.d.r.c.RepositoryConfigurationDelegate : Finished Spring Data repository scanning in 14 ms. Found 11 JPA repository interfaces.
2023-04-05T10:24:47.098+08:00  INFO 15112 --- [restartedMain] o.s.b.w.embedded.tomcat.TomcatWebServer  : Tomcat initialized with port(s): 8080 (http)
2023-04-05T10:24:47.098+08:00  INFO 15112 --- [restartedMain] o.apache.catalina.core.StandardService   : Starting service [Tomcat]
2023-04-05T10:24:47.098+08:00  INFO 15112 --- [restartedMain] o.apache.catalina.core.StandardEngine    : Starting Servlet engine: [Apache Tomcat/10.1.5]
2023-04-05T10:24:47.106+08:00  INFO 15112 --- [restartedMain] o.a.c.c.C.[Tomcat].[localhost].[/]       : Initializing Spring embedded WebApplicationContext
2023-04-05T10:24:47.107+08:00  INFO 15112 --- [restartedMain] w.s.c.ServletWebServerApplicationContext : Root WebApplicationContext: initialization completed in 157 ms
2023-04-05T10:24:47.127+08:00  INFO 15112 --- [restartedMain] o.hibernate.jpa.internal.util.LogHelper  : HHH000204: Processing PersistenceUnitInfo [name: default]
2023-04-05T10:24:47.131+08:00  INFO 15112 --- [restartedMain] com.zaxxer.hikari.HikariDataSource       : HikariPool-3 - Starting...
2023-04-05T10:24:47.137+08:00  INFO 15112 --- [restartedMain] com.zaxxer.hikari.pool.HikariPool        : HikariPool-3 - Added connection com.mysql.cj.jdbc.ConnectionImpl@305f2df4
2023-04-05T10:24:47.137+08:00  INFO 15112 --- [restartedMain] com.zaxxer.hikari.HikariDataSource       : HikariPool-3 - Start completed.
2023-04-05T10:24:47.137+08:00  WARN 15112 --- [restartedMain] org.hibernate.dialect.Dialect            : HHH000511: The 5.0.0 version for [org.hibernate.dialect.MySQL5Dialect] is no longer supported, hence certain features may not work properly. The minimum supported version is 5.7.0. Check the community dialects project for available legacy versions.
2023-04-05T10:24:47.137+08:00  INFO 15112 --- [restartedMain] SQL dialect                              : HHH000400: Using dialect: org.hibernate.dialect.MySQL5Dialect
2023-04-05T10:24:47.137+08:00  WARN 15112 --- [restartedMain] org.hibernate.orm.deprecation            : HHH90000026: MySQL5Dialect has been deprecated; use org.hibernate.dialect.MySQLDialect instead
2023-04-05T10:24:47.301+08:00  INFO 15112 --- [restartedMain] o.h.e.t.j.p.i.JtaPlatformInitiator       : HHH000490: Using JtaPlatform implementation: [org.hibernate.engine.transaction.jta.platform.internal.NoJtaPlatform]
2023-04-05T10:24:47.301+08:00  INFO 15112 --- [restartedMain] j.LocalContainerEntityManagerFactoryBean : Initialized JPA EntityManagerFactory for persistence unit 'default'
2023-04-05T10:24:47.424+08:00  WARN 15112 --- [restartedMain] JpaBaseConfiguration$JpaWebConfiguration : spring.jpa.open-in-view is enabled by default. Therefore, database queries may be performed during view rendering. Explicitly configure spring.jpa.open-in-view to disable this warning
2023-04-05T10:24:47.461+08:00  INFO 15112 --- [restartedMain] o.s.s.web.DefaultSecurityFilterChain     : Will secure any request with [org.springframework.security.web.session.DisableEncodeUrlFilter@29906275, org.springframework.security.web.context.request.async.WebAsyncManagerIntegrationFilter@7471baa7, org.springframework.security.web.context.SecurityContextHolderFilter@4b1aff2a, org.springframework.security.web.header.HeaderWriterFilter@4603cb32, org.springframework.web.filter.CorsFilter@47eee8b4, org.springframework.security.web.authentication.logout.LogoutFilter@1e70221a, org.springframework.security.web.authentication.www.BasicAuthenticationFilter@36efe640, org.springframework.security.web.savedrequest.RequestCacheAwareFilter@7b4364e9, org.springframework.security.web.servletapi.SecurityContextHolderAwareRequestFilter@5a0d74e6, org.springframework.security.web.authentication.AnonymousAuthenticationFilter@efadbef, org.springframework.security.web.access.ExceptionTranslationFilter@7f2bd887, org.springframework.security.web.access.intercept.AuthorizationFilter@4f6f986d]
2023-04-05T10:24:47.491+08:00  INFO 15112 --- [restartedMain] o.s.b.d.a.OptionalLiveReloadServer       : LiveReload server is running on port 35729
2023-04-05T10:24:47.498+08:00  INFO 15112 --- [restartedMain] o.s.b.w.embedded.tomcat.TomcatWebServer  : Tomcat started on port(s): 8080 (http) with context path ''
2023-04-05T10:24:47.500+08:00  INFO 15112 --- [restartedMain] com.mow.MealsOnWheelsApiApplication      : Started MealsOnWheelsApiApplication in 0.563 seconds (process running for 736.106)
2023-04-05T10:24:47.501+08:00  INFO 15112 --- [restartedMain] .ConditionEvaluationDeltaLoggingListener : Condition evaluation unchanged
2023-04-05T10:26:12.613+08:00  INFO 15112 --- [http-nio-8080-exec-2] o.a.c.c.C.[Tomcat].[localhost].[/]       : Initializing Spring DispatcherServlet 'dispatcherServlet'
2023-04-05T10:26:12.613+08:00  INFO 15112 --- [http-nio-8080-exec-2] o.s.web.servlet.DispatcherServlet        : Initializing Servlet 'dispatcherServlet'
2023-04-05T10:26:12.614+08:00  INFO 15112 --- [http-nio-8080-exec-2] o.s.web.servlet.DispatcherServlet        : Completed initialization in 1 ms
2023-04-05T10:43:16.303+08:00  INFO 15112 --- [File Watcher] rtingClassPathChangeChangedEventListener : Restarting due to 1 class path change (0 additions, 0 deletions, 1 modification)
2023-04-05T10:43:16.309+08:00  INFO 15112 --- [Thread-11] o.apache.catalina.core.StandardService   : Stopping service [Tomcat]
2023-04-05T10:43:16.309+08:00  INFO 15112 --- [Thread-11] o.a.c.c.C.[Tomcat].[localhost].[/]       : Destroying Spring FrameworkServlet 'dispatcherServlet'
2023-04-05T10:43:16.311+08:00  INFO 15112 --- [Thread-11] j.LocalContainerEntityManagerFactoryBean : Closing JPA EntityManagerFactory for persistence unit 'default'
2023-04-05T10:43:16.311+08:00  INFO 15112 --- [Thread-11] com.zaxxer.hikari.HikariDataSource       : HikariPool-3 - Shutdown initiated...
2023-04-05T10:43:16.313+08:00  INFO 15112 --- [Thread-11] com.zaxxer.hikari.HikariDataSource       : HikariPool-3 - Shutdown completed.
2023-04-05T10:43:16.352+08:00  INFO 15112 --- [restartedMain] com.mow.MealsOnWheelsApiApplication      : Starting MealsOnWheelsApiApplication using Java 17.0.6 with PID 15112 (C:\Users\User\Desktop\ASSIGNMENT\Git Nap\DEA\meals-on-wheels-api\target\classes started by User in C:\Users\User\Desktop\ASSIGNMENT\Git Nap\DEA\meals-on-wheels-api)
2023-04-05T10:43:16.352+08:00  INFO 15112 --- [restartedMain] com.mow.MealsOnWheelsApiApplication      : No active profile set, falling back to 1 default profile: "default"
2023-04-05T10:43:16.440+08:00  INFO 15112 --- [restartedMain] .s.d.r.c.RepositoryConfigurationDelegate : Bootstrapping Spring Data JPA repositories in DEFAULT mode.
2023-04-05T10:43:16.454+08:00  INFO 15112 --- [restartedMain] .s.d.r.c.RepositoryConfigurationDelegate : Finished Spring Data repository scanning in 13 ms. Found 11 JPA repository interfaces.
2023-04-05T10:43:16.508+08:00  INFO 15112 --- [restartedMain] o.s.b.w.embedded.tomcat.TomcatWebServer  : Tomcat initialized with port(s): 8080 (http)
2023-04-05T10:43:16.508+08:00  INFO 15112 --- [restartedMain] o.apache.catalina.core.StandardService   : Starting service [Tomcat]
2023-04-05T10:43:16.508+08:00  INFO 15112 --- [restartedMain] o.apache.catalina.core.StandardEngine    : Starting Servlet engine: [Apache Tomcat/10.1.5]
2023-04-05T10:43:16.517+08:00  INFO 15112 --- [restartedMain] o.a.c.c.C.[Tomcat].[localhost].[/]       : Initializing Spring embedded WebApplicationContext
2023-04-05T10:43:16.517+08:00  INFO 15112 --- [restartedMain] w.s.c.ServletWebServerApplicationContext : Root WebApplicationContext: initialization completed in 164 ms
2023-04-05T10:43:16.538+08:00  INFO 15112 --- [restartedMain] o.hibernate.jpa.internal.util.LogHelper  : HHH000204: Processing PersistenceUnitInfo [name: default]
2023-04-05T10:43:16.544+08:00  INFO 15112 --- [restartedMain] com.zaxxer.hikari.HikariDataSource       : HikariPool-4 - Starting...
2023-04-05T10:43:16.551+08:00  INFO 15112 --- [restartedMain] com.zaxxer.hikari.pool.HikariPool        : HikariPool-4 - Added connection com.mysql.cj.jdbc.ConnectionImpl@4e236529
2023-04-05T10:43:16.551+08:00  INFO 15112 --- [restartedMain] com.zaxxer.hikari.HikariDataSource       : HikariPool-4 - Start completed.
2023-04-05T10:43:16.551+08:00  WARN 15112 --- [restartedMain] org.hibernate.dialect.Dialect            : HHH000511: The 5.0.0 version for [org.hibernate.dialect.MySQL5Dialect] is no longer supported, hence certain features may not work properly. The minimum supported version is 5.7.0. Check the community dialects project for available legacy versions.
2023-04-05T10:43:16.552+08:00  INFO 15112 --- [restartedMain] SQL dialect                              : HHH000400: Using dialect: org.hibernate.dialect.MySQL5Dialect
2023-04-05T10:43:16.552+08:00  WARN 15112 --- [restartedMain] org.hibernate.orm.deprecation            : HHH90000026: MySQL5Dialect has been deprecated; use org.hibernate.dialect.MySQLDialect instead
2023-04-05T10:43:16.730+08:00  INFO 15112 --- [restartedMain] o.h.e.t.j.p.i.JtaPlatformInitiator       : HHH000490: Using JtaPlatform implementation: [org.hibernate.engine.transaction.jta.platform.internal.NoJtaPlatform]
2023-04-05T10:43:16.731+08:00  INFO 15112 --- [restartedMain] j.LocalContainerEntityManagerFactoryBean : Initialized JPA EntityManagerFactory for persistence unit 'default'
2023-04-05T10:43:16.859+08:00  WARN 15112 --- [restartedMain] JpaBaseConfiguration$JpaWebConfiguration : spring.jpa.open-in-view is enabled by default. Therefore, database queries may be performed during view rendering. Explicitly configure spring.jpa.open-in-view to disable this warning
2023-04-05T10:43:16.895+08:00  INFO 15112 --- [restartedMain] o.s.s.web.DefaultSecurityFilterChain     : Will secure any request with [org.springframework.security.web.session.DisableEncodeUrlFilter@2167e22f, org.springframework.security.web.context.request.async.WebAsyncManagerIntegrationFilter@2d1a83b8, org.springframework.security.web.context.SecurityContextHolderFilter@76573c70, org.springframework.security.web.header.HeaderWriterFilter@1e992fbc, org.springframework.web.filter.CorsFilter@235fe5ab, org.springframework.security.web.authentication.logout.LogoutFilter@54215c81, org.springframework.security.web.authentication.www.BasicAuthenticationFilter@3317368b, org.springframework.security.web.savedrequest.RequestCacheAwareFilter@6c58ee2, org.springframework.security.web.servletapi.SecurityContextHolderAwareRequestFilter@66715673, org.springframework.security.web.authentication.AnonymousAuthenticationFilter@29762c25, org.springframework.security.web.access.ExceptionTranslationFilter@71f234d5, org.springframework.security.web.access.intercept.AuthorizationFilter@710fe898]
2023-04-05T10:43:16.935+08:00  INFO 15112 --- [restartedMain] o.s.b.d.a.OptionalLiveReloadServer       : LiveReload server is running on port 35729
2023-04-05T10:43:16.943+08:00  INFO 15112 --- [restartedMain] o.s.b.w.embedded.tomcat.TomcatWebServer  : Tomcat started on port(s): 8080 (http) with context path ''
2023-04-05T10:43:16.946+08:00  INFO 15112 --- [restartedMain] com.mow.MealsOnWheelsApiApplication      : Started MealsOnWheelsApiApplication in 0.609 seconds (process running for 1845.553)
2023-04-05T10:43:16.948+08:00  INFO 15112 --- [restartedMain] .ConditionEvaluationDeltaLoggingListener : Condition evaluation unchanged
2023-04-05T10:43:21.432+08:00  INFO 15112 --- [File Watcher] rtingClassPathChangeChangedEventListener : Restarting due to 2 class path changes (0 additions, 0 deletions, 2 modifications)
2023-04-05T10:43:21.438+08:00  INFO 15112 --- [Thread-15] o.apache.catalina.core.StandardService   : Stopping service [Tomcat]
2023-04-05T10:43:21.440+08:00  INFO 15112 --- [Thread-15] j.LocalContainerEntityManagerFactoryBean : Closing JPA EntityManagerFactory for persistence unit 'default'
2023-04-05T10:43:21.440+08:00  INFO 15112 --- [Thread-15] com.zaxxer.hikari.HikariDataSource       : HikariPool-4 - Shutdown initiated...
2023-04-05T10:43:21.442+08:00  INFO 15112 --- [Thread-15] com.zaxxer.hikari.HikariDataSource       : HikariPool-4 - Shutdown completed.
2023-04-05T10:43:21.482+08:00  INFO 15112 --- [restartedMain] com.mow.MealsOnWheelsApiApplication      : Starting MealsOnWheelsApiApplication using Java 17.0.6 with PID 15112 (C:\Users\User\Desktop\ASSIGNMENT\Git Nap\DEA\meals-on-wheels-api\target\classes started by User in C:\Users\User\Desktop\ASSIGNMENT\Git Nap\DEA\meals-on-wheels-api)
2023-04-05T10:43:21.482+08:00  INFO 15112 --- [restartedMain] com.mow.MealsOnWheelsApiApplication      : No active profile set, falling back to 1 default profile: "default"
2023-04-05T10:43:21.560+08:00  INFO 15112 --- [restartedMain] .s.d.r.c.RepositoryConfigurationDelegate : Bootstrapping Spring Data JPA repositories in DEFAULT mode.
2023-04-05T10:43:21.573+08:00  INFO 15112 --- [restartedMain] .s.d.r.c.RepositoryConfigurationDelegate : Finished Spring Data repository scanning in 12 ms. Found 11 JPA repository interfaces.
2023-04-05T10:43:21.614+08:00  INFO 15112 --- [restartedMain] o.s.b.w.embedded.tomcat.TomcatWebServer  : Tomcat initialized with port(s): 8080 (http)
2023-04-05T10:43:21.614+08:00  INFO 15112 --- [restartedMain] o.apache.catalina.core.StandardService   : Starting service [Tomcat]
2023-04-05T10:43:21.614+08:00  INFO 15112 --- [restartedMain] o.apache.catalina.core.StandardEngine    : Starting Servlet engine: [Apache Tomcat/10.1.5]
2023-04-05T10:43:21.622+08:00  INFO 15112 --- [restartedMain] o.a.c.c.C.[Tomcat].[localhost].[/]       : Initializing Spring embedded WebApplicationContext
2023-04-05T10:43:21.622+08:00  INFO 15112 --- [restartedMain] w.s.c.ServletWebServerApplicationContext : Root WebApplicationContext: initialization completed in 139 ms
2023-04-05T10:43:21.639+08:00  INFO 15112 --- [restartedMain] o.hibernate.jpa.internal.util.LogHelper  : HHH000204: Processing PersistenceUnitInfo [name: default]
2023-04-05T10:43:21.644+08:00  INFO 15112 --- [restartedMain] com.zaxxer.hikari.HikariDataSource       : HikariPool-5 - Starting...
2023-04-05T10:43:21.649+08:00  INFO 15112 --- [restartedMain] com.zaxxer.hikari.pool.HikariPool        : HikariPool-5 - Added connection com.mysql.cj.jdbc.ConnectionImpl@1822dbdf
2023-04-05T10:43:21.649+08:00  INFO 15112 --- [restartedMain] com.zaxxer.hikari.HikariDataSource       : HikariPool-5 - Start completed.
2023-04-05T10:43:21.650+08:00  WARN 15112 --- [restartedMain] org.hibernate.dialect.Dialect            : HHH000511: The 5.0.0 version for [org.hibernate.dialect.MySQL5Dialect] is no longer supported, hence certain features may not work properly. The minimum supported version is 5.7.0. Check the community dialects project for available legacy versions.
2023-04-05T10:43:21.650+08:00  INFO 15112 --- [restartedMain] SQL dialect                              : HHH000400: Using dialect: org.hibernate.dialect.MySQL5Dialect
2023-04-05T10:43:21.650+08:00  WARN 15112 --- [restartedMain] org.hibernate.orm.deprecation            : HHH90000026: MySQL5Dialect has been deprecated; use org.hibernate.dialect.MySQLDialect instead
2023-04-05T10:43:21.805+08:00  INFO 15112 --- [restartedMain] o.h.e.t.j.p.i.JtaPlatformInitiator       : HHH000490: Using JtaPlatform implementation: [org.hibernate.engine.transaction.jta.platform.internal.NoJtaPlatform]
2023-04-05T10:43:21.805+08:00  INFO 15112 --- [restartedMain] j.LocalContainerEntityManagerFactoryBean : Initialized JPA EntityManagerFactory for persistence unit 'default'
2023-04-05T10:43:21.926+08:00  WARN 15112 --- [restartedMain] JpaBaseConfiguration$JpaWebConfiguration : spring.jpa.open-in-view is enabled by default. Therefore, database queries may be performed during view rendering. Explicitly configure spring.jpa.open-in-view to disable this warning
2023-04-05T10:43:21.958+08:00  INFO 15112 --- [restartedMain] o.s.s.web.DefaultSecurityFilterChain     : Will secure any request with [org.springframework.security.web.session.DisableEncodeUrlFilter@1edc83d9, org.springframework.security.web.context.request.async.WebAsyncManagerIntegrationFilter@7df7870e, org.springframework.security.web.context.SecurityContextHolderFilter@50e0275, org.springframework.security.web.header.HeaderWriterFilter@21f8e9eb, org.springframework.web.filter.CorsFilter@5cf54f14, org.springframework.security.web.authentication.logout.LogoutFilter@4ebdfcd3, org.springframework.security.web.authentication.www.BasicAuthenticationFilter@3fa6ab9a, org.springframework.security.web.savedrequest.RequestCacheAwareFilter@14217ea1, org.springframework.security.web.servletapi.SecurityContextHolderAwareRequestFilter@5d84418c, org.springframework.security.web.authentication.AnonymousAuthenticationFilter@5685c56b, org.springframework.security.web.access.ExceptionTranslationFilter@516301e8, org.springframework.security.web.access.intercept.AuthorizationFilter@2e01e440]
2023-04-05T10:43:21.991+08:00  INFO 15112 --- [restartedMain] o.s.b.d.a.OptionalLiveReloadServer       : LiveReload server is running on port 35729
2023-04-05T10:43:21.996+08:00  INFO 15112 --- [restartedMain] o.s.b.w.embedded.tomcat.TomcatWebServer  : Tomcat started on port(s): 8080 (http) with context path ''
2023-04-05T10:43:21.999+08:00  INFO 15112 --- [restartedMain] com.mow.MealsOnWheelsApiApplication      : Started MealsOnWheelsApiApplication in 0.527 seconds (process running for 1850.605)
2023-04-05T10:43:21.999+08:00  INFO 15112 --- [restartedMain] .ConditionEvaluationDeltaLoggingListener : Condition evaluation unchanged
2023-04-05T10:57:19.391+08:00  INFO 15112 --- [http-nio-8080-exec-1] o.a.c.c.C.[Tomcat].[localhost].[/]       : Initializing Spring DispatcherServlet 'dispatcherServlet'
2023-04-05T10:57:19.391+08:00  INFO 15112 --- [http-nio-8080-exec-1] o.s.web.servlet.DispatcherServlet        : Initializing Servlet 'dispatcherServlet'
2023-04-05T10:57:19.392+08:00  INFO 15112 --- [http-nio-8080-exec-1] o.s.web.servlet.DispatcherServlet        : Completed initialization in 1 ms
2023-04-05T11:00:38.868+08:00  INFO 15112 --- [File Watcher] rtingClassPathChangeChangedEventListener : Restarting due to 1 class path change (0 additions, 0 deletions, 1 modification)
2023-04-05T11:00:38.877+08:00  INFO 15112 --- [Thread-19] o.apache.catalina.core.StandardService   : Stopping service [Tomcat]
2023-04-05T11:00:38.877+08:00  INFO 15112 --- [Thread-19] o.a.c.c.C.[Tomcat].[localhost].[/]       : Destroying Spring FrameworkServlet 'dispatcherServlet'
2023-04-05T11:00:38.880+08:00  INFO 15112 --- [Thread-19] j.LocalContainerEntityManagerFactoryBean : Closing JPA EntityManagerFactory for persistence unit 'default'
2023-04-05T11:00:38.880+08:00  INFO 15112 --- [Thread-19] com.zaxxer.hikari.HikariDataSource       : HikariPool-5 - Shutdown initiated...
2023-04-05T11:00:38.884+08:00  INFO 15112 --- [Thread-19] com.zaxxer.hikari.HikariDataSource       : HikariPool-5 - Shutdown completed.
2023-04-05T11:00:38.932+08:00  INFO 15112 --- [restartedMain] com.mow.MealsOnWheelsApiApplication      : Starting MealsOnWheelsApiApplication using Java 17.0.6 with PID 15112 (C:\Users\User\Desktop\ASSIGNMENT\Git Nap\DEA\meals-on-wheels-api\target\classes started by User in C:\Users\User\Desktop\ASSIGNMENT\Git Nap\DEA\meals-on-wheels-api)
2023-04-05T11:00:38.932+08:00  INFO 15112 --- [restartedMain] com.mow.MealsOnWheelsApiApplication      : No active profile set, falling back to 1 default profile: "default"
2023-04-05T11:00:39.012+08:00  INFO 15112 --- [restartedMain] .s.d.r.c.RepositoryConfigurationDelegate : Bootstrapping Spring Data JPA repositories in DEFAULT mode.
2023-04-05T11:00:39.025+08:00  INFO 15112 --- [restartedMain] .s.d.r.c.RepositoryConfigurationDelegate : Finished Spring Data repository scanning in 13 ms. Found 11 JPA repository interfaces.
2023-04-05T11:00:39.073+08:00  INFO 15112 --- [restartedMain] o.s.b.w.embedded.tomcat.TomcatWebServer  : Tomcat initialized with port(s): 8080 (http)
2023-04-05T11:00:39.073+08:00  INFO 15112 --- [restartedMain] o.apache.catalina.core.StandardService   : Starting service [Tomcat]
2023-04-05T11:00:39.073+08:00  INFO 15112 --- [restartedMain] o.apache.catalina.core.StandardEngine    : Starting Servlet engine: [Apache Tomcat/10.1.5]
2023-04-05T11:00:39.081+08:00  INFO 15112 --- [restartedMain] o.a.c.c.C.[Tomcat].[localhost].[/]       : Initializing Spring embedded WebApplicationContext
2023-04-05T11:00:39.081+08:00  INFO 15112 --- [restartedMain] w.s.c.ServletWebServerApplicationContext : Root WebApplicationContext: initialization completed in 148 ms
2023-04-05T11:00:39.101+08:00  INFO 15112 --- [restartedMain] o.hibernate.jpa.internal.util.LogHelper  : HHH000204: Processing PersistenceUnitInfo [name: default]
2023-04-05T11:00:39.106+08:00  INFO 15112 --- [restartedMain] com.zaxxer.hikari.HikariDataSource       : HikariPool-6 - Starting...
2023-04-05T11:00:39.112+08:00  INFO 15112 --- [restartedMain] com.zaxxer.hikari.pool.HikariPool        : HikariPool-6 - Added connection com.mysql.cj.jdbc.ConnectionImpl@485275b
2023-04-05T11:00:39.112+08:00  INFO 15112 --- [restartedMain] com.zaxxer.hikari.HikariDataSource       : HikariPool-6 - Start completed.
2023-04-05T11:00:39.112+08:00  WARN 15112 --- [restartedMain] org.hibernate.dialect.Dialect            : HHH000511: The 5.0.0 version for [org.hibernate.dialect.MySQL5Dialect] is no longer supported, hence certain features may not work properly. The minimum supported version is 5.7.0. Check the community dialects project for available legacy versions.
2023-04-05T11:00:39.112+08:00  INFO 15112 --- [restartedMain] SQL dialect                              : HHH000400: Using dialect: org.hibernate.dialect.MySQL5Dialect
2023-04-05T11:00:39.112+08:00  WARN 15112 --- [restartedMain] org.hibernate.orm.deprecation            : HHH90000026: MySQL5Dialect has been deprecated; use org.hibernate.dialect.MySQLDialect instead
2023-04-05T11:00:39.274+08:00  INFO 15112 --- [restartedMain] o.h.e.t.j.p.i.JtaPlatformInitiator       : HHH000490: Using JtaPlatform implementation: [org.hibernate.engine.transaction.jta.platform.internal.NoJtaPlatform]
2023-04-05T11:00:39.274+08:00  INFO 15112 --- [restartedMain] j.LocalContainerEntityManagerFactoryBean : Initialized JPA EntityManagerFactory for persistence unit 'default'
2023-04-05T11:00:39.400+08:00  WARN 15112 --- [restartedMain] JpaBaseConfiguration$JpaWebConfiguration : spring.jpa.open-in-view is enabled by default. Therefore, database queries may be performed during view rendering. Explicitly configure spring.jpa.open-in-view to disable this warning
2023-04-05T11:00:39.436+08:00  INFO 15112 --- [restartedMain] o.s.s.web.DefaultSecurityFilterChain     : Will secure any request with [org.springframework.security.web.session.DisableEncodeUrlFilter@5f0cfd83, org.springframework.security.web.context.request.async.WebAsyncManagerIntegrationFilter@7637ac80, org.springframework.security.web.context.SecurityContextHolderFilter@561e9745, org.springframework.security.web.header.HeaderWriterFilter@7260d732, org.springframework.web.filter.CorsFilter@76ccbc22, org.springframework.security.web.authentication.logout.LogoutFilter@38a24918, org.springframework.security.web.authentication.www.BasicAuthenticationFilter@72bfe4ba, org.springframework.security.web.savedrequest.RequestCacheAwareFilter@69be4825, org.springframework.security.web.servletapi.SecurityContextHolderAwareRequestFilter@75ed592f, org.springframework.security.web.authentication.AnonymousAuthenticationFilter@7bdb1c75, org.springframework.security.web.access.ExceptionTranslationFilter@19d0a3ee, org.springframework.security.web.access.intercept.AuthorizationFilter@1f93fd11]
2023-04-05T11:00:39.470+08:00  INFO 15112 --- [restartedMain] o.s.b.d.a.OptionalLiveReloadServer       : LiveReload server is running on port 35729
2023-04-05T11:00:39.476+08:00  INFO 15112 --- [restartedMain] o.s.b.w.embedded.tomcat.TomcatWebServer  : Tomcat started on port(s): 8080 (http) with context path ''
2023-04-05T11:00:39.478+08:00  INFO 15112 --- [restartedMain] com.mow.MealsOnWheelsApiApplication      : Started MealsOnWheelsApiApplication in 0.559 seconds (process running for 2888.084)
2023-04-05T11:00:39.479+08:00  INFO 15112 --- [restartedMain] .ConditionEvaluationDeltaLoggingListener : Condition evaluation unchanged
2023-04-05T11:00:52.585+08:00  INFO 15112 --- [RMI TCP Connection(2)-127.0.0.1] inMXBeanRegistrar$SpringApplicationAdmin : Application shutdown requested.
2023-04-05T11:00:52.592+08:00  INFO 15112 --- [RMI TCP Connection(2)-127.0.0.1] o.apache.catalina.core.StandardService   : Stopping service [Tomcat]
2023-04-05T11:00:52.594+08:00  INFO 15112 --- [RMI TCP Connection(2)-127.0.0.1] j.LocalContainerEntityManagerFactoryBean : Closing JPA EntityManagerFactory for persistence unit 'default'
2023-04-05T11:00:52.594+08:00  INFO 15112 --- [RMI TCP Connection(2)-127.0.0.1] com.zaxxer.hikari.HikariDataSource       : HikariPool-6 - Shutdown initiated...
2023-04-05T11:00:52.596+08:00  INFO 15112 --- [RMI TCP Connection(2)-127.0.0.1] com.zaxxer.hikari.HikariDataSource       : HikariPool-6 - Shutdown completed.
2023-04-05T11:00:56.225+08:00  INFO 10132 --- [restartedMain] com.mow.MealsOnWheelsApiApplication      : Starting MealsOnWheelsApiApplication using Java 17.0.6 with PID 10132 (C:\Users\User\Desktop\ASSIGNMENT\Git Nap\DEA\meals-on-wheels-api\target\classes started by User in C:\Users\User\Desktop\ASSIGNMENT\Git Nap\DEA\meals-on-wheels-api)
2023-04-05T11:00:56.227+08:00  INFO 10132 --- [restartedMain] com.mow.MealsOnWheelsApiApplication      : No active profile set, falling back to 1 default profile: "default"
2023-04-05T11:00:56.251+08:00  INFO 10132 --- [restartedMain] .e.DevToolsPropertyDefaultsPostProcessor : Devtools property defaults active! Set 'spring.devtools.add-properties' to 'false' to disable
2023-04-05T11:00:56.251+08:00  INFO 10132 --- [restartedMain] .e.DevToolsPropertyDefaultsPostProcessor : For additional web related logging consider setting the 'logging.level.web' property to 'DEBUG'
2023-04-05T11:00:56.627+08:00  INFO 10132 --- [restartedMain] .s.d.r.c.RepositoryConfigurationDelegate : Bootstrapping Spring Data JPA repositories in DEFAULT mode.
2023-04-05T11:00:56.682+08:00  INFO 10132 --- [restartedMain] .s.d.r.c.RepositoryConfigurationDelegate : Finished Spring Data repository scanning in 50 ms. Found 11 JPA repository interfaces.
2023-04-05T11:00:56.961+08:00  INFO 10132 --- [restartedMain] o.s.b.w.embedded.tomcat.TomcatWebServer  : Tomcat initialized with port(s): 8080 (http)
2023-04-05T11:00:56.966+08:00  INFO 10132 --- [restartedMain] o.apache.catalina.core.StandardService   : Starting service [Tomcat]
2023-04-05T11:00:56.966+08:00  INFO 10132 --- [restartedMain] o.apache.catalina.core.StandardEngine    : Starting Servlet engine: [Apache Tomcat/10.1.5]
2023-04-05T11:00:56.994+08:00  INFO 10132 --- [restartedMain] o.a.c.c.C.[Tomcat].[localhost].[/]       : Initializing Spring embedded WebApplicationContext
2023-04-05T11:00:56.995+08:00  INFO 10132 --- [restartedMain] w.s.c.ServletWebServerApplicationContext : Root WebApplicationContext: initialization completed in 743 ms
2023-04-05T11:00:57.061+08:00  INFO 10132 --- [restartedMain] o.hibernate.jpa.internal.util.LogHelper  : HHH000204: Processing PersistenceUnitInfo [name: default]
2023-04-05T11:00:57.084+08:00  INFO 10132 --- [restartedMain] org.hibernate.Version                    : HHH000412: Hibernate ORM core version 6.1.7.Final
2023-04-05T11:00:57.210+08:00  INFO 10132 --- [restartedMain] com.zaxxer.hikari.HikariDataSource       : HikariPool-1 - Starting...
2023-04-05T11:00:57.353+08:00  INFO 10132 --- [restartedMain] com.zaxxer.hikari.pool.HikariPool        : HikariPool-1 - Added connection com.mysql.cj.jdbc.ConnectionImpl@990e7a
2023-04-05T11:00:57.354+08:00  INFO 10132 --- [restartedMain] com.zaxxer.hikari.HikariDataSource       : HikariPool-1 - Start completed.
2023-04-05T11:00:57.362+08:00  WARN 10132 --- [restartedMain] org.hibernate.dialect.Dialect            : HHH000511: The 5.0.0 version for [org.hibernate.dialect.MySQL5Dialect] is no longer supported, hence certain features may not work properly. The minimum supported version is 5.7.0. Check the community dialects project for available legacy versions.
2023-04-05T11:00:57.364+08:00  INFO 10132 --- [restartedMain] SQL dialect                              : HHH000400: Using dialect: org.hibernate.dialect.MySQL5Dialect
2023-04-05T11:00:57.365+08:00  WARN 10132 --- [restartedMain] org.hibernate.orm.deprecation            : HHH90000026: MySQL5Dialect has been deprecated; use org.hibernate.dialect.MySQLDialect instead
2023-04-05T11:00:57.953+08:00  INFO 10132 --- [restartedMain] o.h.e.t.j.p.i.JtaPlatformInitiator       : HHH000490: Using JtaPlatform implementation: [org.hibernate.engine.transaction.jta.platform.internal.NoJtaPlatform]
2023-04-05T11:00:57.958+08:00  INFO 10132 --- [restartedMain] j.LocalContainerEntityManagerFactoryBean : Initialized JPA EntityManagerFactory for persistence unit 'default'
2023-04-05T11:00:58.287+08:00  WARN 10132 --- [restartedMain] JpaBaseConfiguration$JpaWebConfiguration : spring.jpa.open-in-view is enabled by default. Therefore, database queries may be performed during view rendering. Explicitly configure spring.jpa.open-in-view to disable this warning
2023-04-05T11:00:58.435+08:00  INFO 10132 --- [restartedMain] o.s.s.web.DefaultSecurityFilterChain     : Will secure any request with [org.springframework.security.web.session.DisableEncodeUrlFilter@38c57b10, org.springframework.security.web.context.request.async.WebAsyncManagerIntegrationFilter@c9be1c4, org.springframework.security.web.context.SecurityContextHolderFilter@54fba0c3, org.springframework.security.web.header.HeaderWriterFilter@5da1a1e8, org.springframework.web.filter.CorsFilter@5d258aba, org.springframework.security.web.authentication.logout.LogoutFilter@164df1ab, org.springframework.security.web.authentication.www.BasicAuthenticationFilter@179feff5, org.springframework.security.web.savedrequest.RequestCacheAwareFilter@50746dc2, org.springframework.security.web.servletapi.SecurityContextHolderAwareRequestFilter@10eb9c6e, org.springframework.security.web.authentication.AnonymousAuthenticationFilter@4c5c68cd, org.springframework.security.web.access.ExceptionTranslationFilter@5538e00, org.springframework.security.web.access.intercept.AuthorizationFilter@7a403b2f]
2023-04-05T11:00:58.546+08:00  INFO 10132 --- [restartedMain] o.s.b.d.a.OptionalLiveReloadServer       : LiveReload server is running on port 35729
2023-04-05T11:00:58.566+08:00  INFO 10132 --- [restartedMain] o.s.b.w.embedded.tomcat.TomcatWebServer  : Tomcat started on port(s): 8080 (http) with context path ''
2023-04-05T11:00:58.571+08:00  INFO 10132 --- [restartedMain] com.mow.MealsOnWheelsApiApplication      : Started MealsOnWheelsApiApplication in 2.554 seconds (process running for 2.924)
2023-04-05T11:02:20.922+08:00  INFO 10132 --- [File Watcher] rtingClassPathChangeChangedEventListener : Restarting due to 1 class path change (0 additions, 0 deletions, 1 modification)
2023-04-05T11:02:20.942+08:00  INFO 10132 --- [Thread-5] o.apache.catalina.core.StandardService   : Stopping service [Tomcat]
2023-04-05T11:02:20.955+08:00  INFO 10132 --- [Thread-5] j.LocalContainerEntityManagerFactoryBean : Closing JPA EntityManagerFactory for persistence unit 'default'
2023-04-05T11:02:20.957+08:00  INFO 10132 --- [Thread-5] com.zaxxer.hikari.HikariDataSource       : HikariPool-1 - Shutdown initiated...
2023-04-05T11:02:20.961+08:00  INFO 10132 --- [Thread-5] com.zaxxer.hikari.HikariDataSource       : HikariPool-1 - Shutdown completed.
2023-04-05T11:02:21.008+08:00  INFO 10132 --- [restartedMain] com.mow.MealsOnWheelsApiApplication      : Starting MealsOnWheelsApiApplication using Java 17.0.6 with PID 10132 (C:\Users\User\Desktop\ASSIGNMENT\Git Nap\DEA\meals-on-wheels-api\target\classes started by User in C:\Users\User\Desktop\ASSIGNMENT\Git Nap\DEA\meals-on-wheels-api)
2023-04-05T11:02:21.008+08:00  INFO 10132 --- [restartedMain] com.mow.MealsOnWheelsApiApplication      : No active profile set, falling back to 1 default profile: "default"
2023-04-05T11:02:21.096+08:00  INFO 10132 --- [restartedMain] .s.d.r.c.RepositoryConfigurationDelegate : Bootstrapping Spring Data JPA repositories in DEFAULT mode.
2023-04-05T11:02:21.112+08:00  INFO 10132 --- [restartedMain] .s.d.r.c.RepositoryConfigurationDelegate : Finished Spring Data repository scanning in 15 ms. Found 11 JPA repository interfaces.
2023-04-05T11:02:21.162+08:00  INFO 10132 --- [restartedMain] o.s.b.w.embedded.tomcat.TomcatWebServer  : Tomcat initialized with port(s): 8080 (http)
2023-04-05T11:02:21.162+08:00  INFO 10132 --- [restartedMain] o.apache.catalina.core.StandardService   : Starting service [Tomcat]
2023-04-05T11:02:21.162+08:00  INFO 10132 --- [restartedMain] o.apache.catalina.core.StandardEngine    : Starting Servlet engine: [Apache Tomcat/10.1.5]
2023-04-05T11:02:21.170+08:00  INFO 10132 --- [restartedMain] o.a.c.c.C.[Tomcat].[localhost].[/]       : Initializing Spring embedded WebApplicationContext
2023-04-05T11:02:21.171+08:00  INFO 10132 --- [restartedMain] w.s.c.ServletWebServerApplicationContext : Root WebApplicationContext: initialization completed in 162 ms
2023-04-05T11:02:21.189+08:00  INFO 10132 --- [restartedMain] o.hibernate.jpa.internal.util.LogHelper  : HHH000204: Processing PersistenceUnitInfo [name: default]
2023-04-05T11:02:21.193+08:00  INFO 10132 --- [restartedMain] com.zaxxer.hikari.HikariDataSource       : HikariPool-2 - Starting...
2023-04-05T11:02:21.200+08:00  INFO 10132 --- [restartedMain] com.zaxxer.hikari.pool.HikariPool        : HikariPool-2 - Added connection com.mysql.cj.jdbc.ConnectionImpl@7fae5a78
2023-04-05T11:02:21.200+08:00  INFO 10132 --- [restartedMain] com.zaxxer.hikari.HikariDataSource       : HikariPool-2 - Start completed.
2023-04-05T11:02:21.200+08:00  WARN 10132 --- [restartedMain] org.hibernate.dialect.Dialect            : HHH000511: The 5.0.0 version for [org.hibernate.dialect.MySQL5Dialect] is no longer supported, hence certain features may not work properly. The minimum supported version is 5.7.0. Check the community dialects project for available legacy versions.
2023-04-05T11:02:21.201+08:00  INFO 10132 --- [restartedMain] SQL dialect                              : HHH000400: Using dialect: org.hibernate.dialect.MySQL5Dialect
2023-04-05T11:02:21.201+08:00  WARN 10132 --- [restartedMain] org.hibernate.orm.deprecation            : HHH90000026: MySQL5Dialect has been deprecated; use org.hibernate.dialect.MySQLDialect instead
2023-04-05T11:02:21.384+08:00  INFO 10132 --- [restartedMain] o.h.e.t.j.p.i.JtaPlatformInitiator       : HHH000490: Using JtaPlatform implementation: [org.hibernate.engine.transaction.jta.platform.internal.NoJtaPlatform]
2023-04-05T11:02:21.384+08:00  INFO 10132 --- [restartedMain] j.LocalContainerEntityManagerFactoryBean : Initialized JPA EntityManagerFactory for persistence unit 'default'
2023-04-05T11:02:21.523+08:00  WARN 10132 --- [restartedMain] JpaBaseConfiguration$JpaWebConfiguration : spring.jpa.open-in-view is enabled by default. Therefore, database queries may be performed during view rendering. Explicitly configure spring.jpa.open-in-view to disable this warning
2023-04-05T11:02:21.559+08:00  INFO 10132 --- [restartedMain] o.s.s.web.DefaultSecurityFilterChain     : Will secure any request with [org.springframework.security.web.session.DisableEncodeUrlFilter@1e823189, org.springframework.security.web.context.request.async.WebAsyncManagerIntegrationFilter@3381353, org.springframework.security.web.context.SecurityContextHolderFilter@45592bda, org.springframework.security.web.header.HeaderWriterFilter@5da856ea, org.springframework.web.filter.CorsFilter@6f9b737a, org.springframework.security.web.authentication.logout.LogoutFilter@434c0f5b, org.springframework.security.web.authentication.www.BasicAuthenticationFilter@3d17d7a7, org.springframework.security.web.savedrequest.RequestCacheAwareFilter@4aa573f5, org.springframework.security.web.servletapi.SecurityContextHolderAwareRequestFilter@50c7e976, org.springframework.security.web.authentication.AnonymousAuthenticationFilter@6cb22bc1, org.springframework.security.web.access.ExceptionTranslationFilter@32251bac, org.springframework.security.web.access.intercept.AuthorizationFilter@4d742761]
2023-04-05T11:02:21.593+08:00  INFO 10132 --- [restartedMain] o.s.b.d.a.OptionalLiveReloadServer       : LiveReload server is running on port 35729
2023-04-05T11:02:21.599+08:00  INFO 10132 --- [restartedMain] o.s.b.w.embedded.tomcat.TomcatWebServer  : Tomcat started on port(s): 8080 (http) with context path ''
2023-04-05T11:02:21.602+08:00  INFO 10132 --- [restartedMain] com.mow.MealsOnWheelsApiApplication      : Started MealsOnWheelsApiApplication in 0.606 seconds (process running for 85.954)
2023-04-05T11:02:21.603+08:00  INFO 10132 --- [restartedMain] .ConditionEvaluationDeltaLoggingListener : Condition evaluation unchanged
2023-04-05T11:04:24.749+08:00  INFO 10132 --- [File Watcher] rtingClassPathChangeChangedEventListener : Restarting due to 1 class path change (0 additions, 0 deletions, 1 modification)
2023-04-05T11:04:24.756+08:00  INFO 10132 --- [Thread-7] o.apache.catalina.core.StandardService   : Stopping service [Tomcat]
2023-04-05T11:04:24.759+08:00  INFO 10132 --- [Thread-7] j.LocalContainerEntityManagerFactoryBean : Closing JPA EntityManagerFactory for persistence unit 'default'
2023-04-05T11:04:24.759+08:00  INFO 10132 --- [Thread-7] com.zaxxer.hikari.HikariDataSource       : HikariPool-2 - Shutdown initiated...
2023-04-05T11:04:24.762+08:00  INFO 10132 --- [Thread-7] com.zaxxer.hikari.HikariDataSource       : HikariPool-2 - Shutdown completed.
2023-04-05T11:04:24.808+08:00  INFO 10132 --- [restartedMain] com.mow.MealsOnWheelsApiApplication      : Starting MealsOnWheelsApiApplication using Java 17.0.6 with PID 10132 (C:\Users\User\Desktop\ASSIGNMENT\Git Nap\DEA\meals-on-wheels-api\target\classes started by User in C:\Users\User\Desktop\ASSIGNMENT\Git Nap\DEA\meals-on-wheels-api)
2023-04-05T11:04:24.808+08:00  INFO 10132 --- [restartedMain] com.mow.MealsOnWheelsApiApplication      : No active profile set, falling back to 1 default profile: "default"
2023-04-05T11:04:24.891+08:00  INFO 10132 --- [restartedMain] .s.d.r.c.RepositoryConfigurationDelegate : Bootstrapping Spring Data JPA repositories in DEFAULT mode.
2023-04-05T11:04:24.904+08:00  INFO 10132 --- [restartedMain] .s.d.r.c.RepositoryConfigurationDelegate : Finished Spring Data repository scanning in 13 ms. Found 11 JPA repository interfaces.
2023-04-05T11:04:24.949+08:00  INFO 10132 --- [restartedMain] o.s.b.w.embedded.tomcat.TomcatWebServer  : Tomcat initialized with port(s): 8080 (http)
2023-04-05T11:04:24.949+08:00  INFO 10132 --- [restartedMain] o.apache.catalina.core.StandardService   : Starting service [Tomcat]
2023-04-05T11:04:24.949+08:00  INFO 10132 --- [restartedMain] o.apache.catalina.core.StandardEngine    : Starting Servlet engine: [Apache Tomcat/10.1.5]
2023-04-05T11:04:24.956+08:00  INFO 10132 --- [restartedMain] o.a.c.c.C.[Tomcat].[localhost].[/]       : Initializing Spring embedded WebApplicationContext
2023-04-05T11:04:24.957+08:00  INFO 10132 --- [restartedMain] w.s.c.ServletWebServerApplicationContext : Root WebApplicationContext: initialization completed in 148 ms
2023-04-05T11:04:24.974+08:00  INFO 10132 --- [restartedMain] o.hibernate.jpa.internal.util.LogHelper  : HHH000204: Processing PersistenceUnitInfo [name: default]
2023-04-05T11:04:24.979+08:00  INFO 10132 --- [restartedMain] com.zaxxer.hikari.HikariDataSource       : HikariPool-3 - Starting...
2023-04-05T11:04:24.985+08:00  INFO 10132 --- [restartedMain] com.zaxxer.hikari.pool.HikariPool        : HikariPool-3 - Added connection com.mysql.cj.jdbc.ConnectionImpl@43de55c1
2023-04-05T11:04:24.985+08:00  INFO 10132 --- [restartedMain] com.zaxxer.hikari.HikariDataSource       : HikariPool-3 - Start completed.
2023-04-05T11:04:24.985+08:00  WARN 10132 --- [restartedMain] org.hibernate.dialect.Dialect            : HHH000511: The 5.0.0 version for [org.hibernate.dialect.MySQL5Dialect] is no longer supported, hence certain features may not work properly. The minimum supported version is 5.7.0. Check the community dialects project for available legacy versions.
2023-04-05T11:04:24.985+08:00  INFO 10132 --- [restartedMain] SQL dialect                              : HHH000400: Using dialect: org.hibernate.dialect.MySQL5Dialect
2023-04-05T11:04:24.985+08:00  WARN 10132 --- [restartedMain] org.hibernate.orm.deprecation            : HHH90000026: MySQL5Dialect has been deprecated; use org.hibernate.dialect.MySQLDialect instead
2023-04-05T11:04:25.152+08:00  INFO 10132 --- [restartedMain] o.h.e.t.j.p.i.JtaPlatformInitiator       : HHH000490: Using JtaPlatform implementation: [org.hibernate.engine.transaction.jta.platform.internal.NoJtaPlatform]
2023-04-05T11:04:25.152+08:00  INFO 10132 --- [restartedMain] j.LocalContainerEntityManagerFactoryBean : Initialized JPA EntityManagerFactory for persistence unit 'default'
2023-04-05T11:04:25.272+08:00  WARN 10132 --- [restartedMain] JpaBaseConfiguration$JpaWebConfiguration : spring.jpa.open-in-view is enabled by default. Therefore, database queries may be performed during view rendering. Explicitly configure spring.jpa.open-in-view to disable this warning
2023-04-05T11:04:25.303+08:00  INFO 10132 --- [restartedMain] o.s.s.web.DefaultSecurityFilterChain     : Will secure any request with [org.springframework.security.web.session.DisableEncodeUrlFilter@7d9de66e, org.springframework.security.web.context.request.async.WebAsyncManagerIntegrationFilter@4dc95205, org.springframework.security.web.context.SecurityContextHolderFilter@2150586, org.springframework.security.web.header.HeaderWriterFilter@4433c9ef, org.springframework.web.filter.CorsFilter@181a7d4, org.springframework.security.web.authentication.logout.LogoutFilter@33fea354, org.springframework.security.web.authentication.www.BasicAuthenticationFilter@3bbf164e, org.springframework.security.web.savedrequest.RequestCacheAwareFilter@5e674428, org.springframework.security.web.servletapi.SecurityContextHolderAwareRequestFilter@434b69fd, org.springframework.security.web.authentication.AnonymousAuthenticationFilter@42cfcccc, org.springframework.security.web.access.ExceptionTranslationFilter@5289f71e, org.springframework.security.web.access.intercept.AuthorizationFilter@4fc07890]
2023-04-05T11:04:25.334+08:00  INFO 10132 --- [restartedMain] o.s.b.d.a.OptionalLiveReloadServer       : LiveReload server is running on port 35729
2023-04-05T11:04:25.340+08:00  INFO 10132 --- [restartedMain] o.s.b.w.embedded.tomcat.TomcatWebServer  : Tomcat started on port(s): 8080 (http) with context path ''
2023-04-05T11:04:25.342+08:00  INFO 10132 --- [restartedMain] com.mow.MealsOnWheelsApiApplication      : Started MealsOnWheelsApiApplication in 0.547 seconds (process running for 209.695)
2023-04-05T11:04:25.343+08:00  INFO 10132 --- [restartedMain] .ConditionEvaluationDeltaLoggingListener : Condition evaluation unchanged
2023-04-05T11:09:47.608+08:00  INFO 10132 --- [RMI TCP Connection(2)-127.0.0.1] inMXBeanRegistrar$SpringApplicationAdmin : Application shutdown requested.
2023-04-05T11:09:47.613+08:00  INFO 10132 --- [RMI TCP Connection(2)-127.0.0.1] o.apache.catalina.core.StandardService   : Stopping service [Tomcat]
2023-04-05T11:09:47.616+08:00  INFO 10132 --- [RMI TCP Connection(2)-127.0.0.1] j.LocalContainerEntityManagerFactoryBean : Closing JPA EntityManagerFactory for persistence unit 'default'
2023-04-05T11:09:47.616+08:00  INFO 10132 --- [RMI TCP Connection(2)-127.0.0.1] com.zaxxer.hikari.HikariDataSource       : HikariPool-3 - Shutdown initiated...
2023-04-05T11:09:47.618+08:00  INFO 10132 --- [RMI TCP Connection(2)-127.0.0.1] com.zaxxer.hikari.HikariDataSource       : HikariPool-3 - Shutdown completed.
2023-04-05T11:09:51.084+08:00  INFO 15336 --- [restartedMain] com.mow.MealsOnWheelsApiApplication      : Starting MealsOnWheelsApiApplication using Java 17.0.6 with PID 15336 (C:\Users\User\Desktop\ASSIGNMENT\Git Nap\DEA\meals-on-wheels-api\target\classes started by User in C:\Users\User\Desktop\ASSIGNMENT\Git Nap\DEA\meals-on-wheels-api)
2023-04-05T11:09:51.086+08:00  INFO 15336 --- [restartedMain] com.mow.MealsOnWheelsApiApplication      : No active profile set, falling back to 1 default profile: "default"
2023-04-05T11:09:51.109+08:00  INFO 15336 --- [restartedMain] .e.DevToolsPropertyDefaultsPostProcessor : Devtools property defaults active! Set 'spring.devtools.add-properties' to 'false' to disable
2023-04-05T11:09:51.110+08:00  INFO 15336 --- [restartedMain] .e.DevToolsPropertyDefaultsPostProcessor : For additional web related logging consider setting the 'logging.level.web' property to 'DEBUG'
2023-04-05T11:09:51.464+08:00  INFO 15336 --- [restartedMain] .s.d.r.c.RepositoryConfigurationDelegate : Bootstrapping Spring Data JPA repositories in DEFAULT mode.
2023-04-05T11:09:51.523+08:00  INFO 15336 --- [restartedMain] .s.d.r.c.RepositoryConfigurationDelegate : Finished Spring Data repository scanning in 52 ms. Found 11 JPA repository interfaces.
2023-04-05T11:09:51.824+08:00  INFO 15336 --- [restartedMain] o.s.b.w.embedded.tomcat.TomcatWebServer  : Tomcat initialized with port(s): 8080 (http)
2023-04-05T11:09:51.829+08:00  INFO 15336 --- [restartedMain] o.apache.catalina.core.StandardService   : Starting service [Tomcat]
2023-04-05T11:09:51.830+08:00  INFO 15336 --- [restartedMain] o.apache.catalina.core.StandardEngine    : Starting Servlet engine: [Apache Tomcat/10.1.5]
2023-04-05T11:09:51.864+08:00  INFO 15336 --- [restartedMain] o.a.c.c.C.[Tomcat].[localhost].[/]       : Initializing Spring embedded WebApplicationContext
2023-04-05T11:09:51.865+08:00  INFO 15336 --- [restartedMain] w.s.c.ServletWebServerApplicationContext : Root WebApplicationContext: initialization completed in 755 ms
2023-04-05T11:09:51.942+08:00  INFO 15336 --- [restartedMain] o.hibernate.jpa.internal.util.LogHelper  : HHH000204: Processing PersistenceUnitInfo [name: default]
2023-04-05T11:09:51.970+08:00  INFO 15336 --- [restartedMain] org.hibernate.Version                    : HHH000412: Hibernate ORM core version 6.1.7.Final
2023-04-05T11:09:52.093+08:00  INFO 15336 --- [restartedMain] com.zaxxer.hikari.HikariDataSource       : HikariPool-1 - Starting...
2023-04-05T11:09:52.230+08:00  INFO 15336 --- [restartedMain] com.zaxxer.hikari.pool.HikariPool        : HikariPool-1 - Added connection com.mysql.cj.jdbc.ConnectionImpl@990e7a
2023-04-05T11:09:52.232+08:00  INFO 15336 --- [restartedMain] com.zaxxer.hikari.HikariDataSource       : HikariPool-1 - Start completed.
2023-04-05T11:09:52.240+08:00  WARN 15336 --- [restartedMain] org.hibernate.dialect.Dialect            : HHH000511: The 5.0.0 version for [org.hibernate.dialect.MySQL5Dialect] is no longer supported, hence certain features may not work properly. The minimum supported version is 5.7.0. Check the community dialects project for available legacy versions.
2023-04-05T11:09:52.241+08:00  INFO 15336 --- [restartedMain] SQL dialect                              : HHH000400: Using dialect: org.hibernate.dialect.MySQL5Dialect
2023-04-05T11:09:52.242+08:00  WARN 15336 --- [restartedMain] org.hibernate.orm.deprecation            : HHH90000026: MySQL5Dialect has been deprecated; use org.hibernate.dialect.MySQLDialect instead
2023-04-05T11:09:52.798+08:00  INFO 15336 --- [restartedMain] o.h.e.t.j.p.i.JtaPlatformInitiator       : HHH000490: Using JtaPlatform implementation: [org.hibernate.engine.transaction.jta.platform.internal.NoJtaPlatform]
2023-04-05T11:09:52.802+08:00  INFO 15336 --- [restartedMain] j.LocalContainerEntityManagerFactoryBean : Initialized JPA EntityManagerFactory for persistence unit 'default'
2023-04-05T11:09:53.097+08:00  WARN 15336 --- [restartedMain] JpaBaseConfiguration$JpaWebConfiguration : spring.jpa.open-in-view is enabled by default. Therefore, database queries may be performed during view rendering. Explicitly configure spring.jpa.open-in-view to disable this warning
2023-04-05T11:09:53.234+08:00  INFO 15336 --- [restartedMain] o.s.s.web.DefaultSecurityFilterChain     : Will secure any request with [org.springframework.security.web.session.DisableEncodeUrlFilter@40de758b, org.springframework.security.web.context.request.async.WebAsyncManagerIntegrationFilter@3340f1ef, org.springframework.security.web.context.SecurityContextHolderFilter@235bfed1, org.springframework.security.web.header.HeaderWriterFilter@cec057d, org.springframework.web.filter.CorsFilter@2dd1e064, org.springframework.security.web.authentication.logout.LogoutFilter@5fd287ad, org.springframework.security.web.authentication.www.BasicAuthenticationFilter@1773b21f, org.springframework.security.web.savedrequest.RequestCacheAwareFilter@6e81ce27, org.springframework.security.web.servletapi.SecurityContextHolderAwareRequestFilter@43345689, org.springframework.security.web.authentication.AnonymousAuthenticationFilter@55c8ee39, org.springframework.security.web.access.ExceptionTranslationFilter@4dbe4a5e, org.springframework.security.web.access.intercept.AuthorizationFilter@538c6c40]
2023-04-05T11:09:53.344+08:00  INFO 15336 --- [restartedMain] o.s.b.d.a.OptionalLiveReloadServer       : LiveReload server is running on port 35729
2023-04-05T11:09:53.367+08:00  INFO 15336 --- [restartedMain] o.s.b.w.embedded.tomcat.TomcatWebServer  : Tomcat started on port(s): 8080 (http) with context path ''
2023-04-05T11:09:53.373+08:00  INFO 15336 --- [restartedMain] com.mow.MealsOnWheelsApiApplication      : Started MealsOnWheelsApiApplication in 2.491 seconds (process running for 2.796)
2023-04-05T11:10:30.965+08:00  INFO 15336 --- [http-nio-8080-exec-1] o.a.c.c.C.[Tomcat].[localhost].[/]       : Initializing Spring DispatcherServlet 'dispatcherServlet'
2023-04-05T11:10:30.966+08:00  INFO 15336 --- [http-nio-8080-exec-1] o.s.web.servlet.DispatcherServlet        : Initializing Servlet 'dispatcherServlet'
2023-04-05T11:10:30.966+08:00  INFO 15336 --- [http-nio-8080-exec-1] o.s.web.servlet.DispatcherServlet        : Completed initialization in 0 ms
2023-04-05T11:10:44.316+08:00  WARN 15336 --- [http-nio-8080-exec-2] .w.s.m.s.DefaultHandlerExceptionResolver : Resolved [org.springframework.web.method.annotation.MethodArgumentConversionNotSupportedException: Failed to convert value of type 'java.lang.String' to required type 'com.mow.request.MembersRequest'; Cannot convert value of type 'java.lang.String' to required type 'com.mow.request.MembersRequest': no matching editors or conversion strategy found]
2023-04-05T11:14:21.654+08:00  INFO 15336 --- [RMI TCP Connection(2)-127.0.0.1] inMXBeanRegistrar$SpringApplicationAdmin : Application shutdown requested.
2023-04-05T11:14:21.660+08:00  INFO 15336 --- [RMI TCP Connection(2)-127.0.0.1] o.apache.catalina.core.StandardService   : Stopping service [Tomcat]
2023-04-05T11:14:21.661+08:00  INFO 15336 --- [RMI TCP Connection(2)-127.0.0.1] o.a.c.c.C.[Tomcat].[localhost].[/]       : Destroying Spring FrameworkServlet 'dispatcherServlet'
2023-04-05T11:14:21.665+08:00  INFO 15336 --- [RMI TCP Connection(2)-127.0.0.1] j.LocalContainerEntityManagerFactoryBean : Closing JPA EntityManagerFactory for persistence unit 'default'
2023-04-05T11:14:21.667+08:00  INFO 15336 --- [RMI TCP Connection(2)-127.0.0.1] com.zaxxer.hikari.HikariDataSource       : HikariPool-1 - Shutdown initiated...
2023-04-05T11:14:21.670+08:00  INFO 15336 --- [RMI TCP Connection(2)-127.0.0.1] com.zaxxer.hikari.HikariDataSource       : HikariPool-1 - Shutdown completed.
2023-04-05T11:14:25.150+08:00  INFO 3332 --- [restartedMain] com.mow.MealsOnWheelsApiApplication      : Starting MealsOnWheelsApiApplication using Java 17.0.6 with PID 3332 (C:\Users\User\Desktop\ASSIGNMENT\Git Nap\DEA\meals-on-wheels-api\target\classes started by User in C:\Users\User\Desktop\ASSIGNMENT\Git Nap\DEA\meals-on-wheels-api)
2023-04-05T11:14:25.151+08:00  INFO 3332 --- [restartedMain] com.mow.MealsOnWheelsApiApplication      : No active profile set, falling back to 1 default profile: "default"
2023-04-05T11:14:25.171+08:00  INFO 3332 --- [restartedMain] .e.DevToolsPropertyDefaultsPostProcessor : Devtools property defaults active! Set 'spring.devtools.add-properties' to 'false' to disable
2023-04-05T11:14:25.171+08:00  INFO 3332 --- [restartedMain] .e.DevToolsPropertyDefaultsPostProcessor : For additional web related logging consider setting the 'logging.level.web' property to 'DEBUG'
2023-04-05T11:14:25.491+08:00  INFO 3332 --- [restartedMain] .s.d.r.c.RepositoryConfigurationDelegate : Bootstrapping Spring Data JPA repositories in DEFAULT mode.
2023-04-05T11:14:25.541+08:00  INFO 3332 --- [restartedMain] .s.d.r.c.RepositoryConfigurationDelegate : Finished Spring Data repository scanning in 46 ms. Found 11 JPA repository interfaces.
2023-04-05T11:14:25.800+08:00  INFO 3332 --- [restartedMain] o.s.b.w.embedded.tomcat.TomcatWebServer  : Tomcat initialized with port(s): 8080 (http)
2023-04-05T11:14:25.804+08:00  INFO 3332 --- [restartedMain] o.apache.catalina.core.StandardService   : Starting service [Tomcat]
2023-04-05T11:14:25.804+08:00  INFO 3332 --- [restartedMain] o.apache.catalina.core.StandardEngine    : Starting Servlet engine: [Apache Tomcat/10.1.5]
2023-04-05T11:14:25.831+08:00  INFO 3332 --- [restartedMain] o.a.c.c.C.[Tomcat].[localhost].[/]       : Initializing Spring embedded WebApplicationContext
2023-04-05T11:14:25.831+08:00  INFO 3332 --- [restartedMain] w.s.c.ServletWebServerApplicationContext : Root WebApplicationContext: initialization completed in 660 ms
2023-04-05T11:14:25.894+08:00  INFO 3332 --- [restartedMain] o.hibernate.jpa.internal.util.LogHelper  : HHH000204: Processing PersistenceUnitInfo [name: default]
2023-04-05T11:14:25.916+08:00  INFO 3332 --- [restartedMain] org.hibernate.Version                    : HHH000412: Hibernate ORM core version 6.1.7.Final
2023-04-05T11:14:26.021+08:00  INFO 3332 --- [restartedMain] com.zaxxer.hikari.HikariDataSource       : HikariPool-1 - Starting...
2023-04-05T11:14:26.147+08:00  INFO 3332 --- [restartedMain] com.zaxxer.hikari.pool.HikariPool        : HikariPool-1 - Added connection com.mysql.cj.jdbc.ConnectionImpl@7be27a5f
2023-04-05T11:14:26.148+08:00  INFO 3332 --- [restartedMain] com.zaxxer.hikari.HikariDataSource       : HikariPool-1 - Start completed.
2023-04-05T11:14:26.156+08:00  WARN 3332 --- [restartedMain] org.hibernate.dialect.Dialect            : HHH000511: The 5.0.0 version for [org.hibernate.dialect.MySQL5Dialect] is no longer supported, hence certain features may not work properly. The minimum supported version is 5.7.0. Check the community dialects project for available legacy versions.
2023-04-05T11:14:26.157+08:00  INFO 3332 --- [restartedMain] SQL dialect                              : HHH000400: Using dialect: org.hibernate.dialect.MySQL5Dialect
2023-04-05T11:14:26.158+08:00  WARN 3332 --- [restartedMain] org.hibernate.orm.deprecation            : HHH90000026: MySQL5Dialect has been deprecated; use org.hibernate.dialect.MySQLDialect instead
2023-04-05T11:14:26.690+08:00  INFO 3332 --- [restartedMain] o.h.e.t.j.p.i.JtaPlatformInitiator       : HHH000490: Using JtaPlatform implementation: [org.hibernate.engine.transaction.jta.platform.internal.NoJtaPlatform]
2023-04-05T11:14:26.695+08:00  INFO 3332 --- [restartedMain] j.LocalContainerEntityManagerFactoryBean : Initialized JPA EntityManagerFactory for persistence unit 'default'
2023-04-05T11:14:26.973+08:00  WARN 3332 --- [restartedMain] JpaBaseConfiguration$JpaWebConfiguration : spring.jpa.open-in-view is enabled by default. Therefore, database queries may be performed during view rendering. Explicitly configure spring.jpa.open-in-view to disable this warning
2023-04-05T11:14:27.100+08:00  INFO 3332 --- [restartedMain] o.s.s.web.DefaultSecurityFilterChain     : Will secure any request with [org.springframework.security.web.session.DisableEncodeUrlFilter@8815cb8, org.springframework.security.web.context.request.async.WebAsyncManagerIntegrationFilter@1be1e029, org.springframework.security.web.context.SecurityContextHolderFilter@312f9c6b, org.springframework.security.web.header.HeaderWriterFilter@47c50704, org.springframework.web.filter.CorsFilter@59a85cba, org.springframework.security.web.authentication.logout.LogoutFilter@282fb3d2, org.springframework.security.web.authentication.www.BasicAuthenticationFilter@7ab129c9, org.springframework.security.web.savedrequest.RequestCacheAwareFilter@533075db, org.springframework.security.web.servletapi.SecurityContextHolderAwareRequestFilter@2e0b22a6, org.springframework.security.web.authentication.AnonymousAuthenticationFilter@62ac6b33, org.springframework.security.web.access.ExceptionTranslationFilter@584c0fb5, org.springframework.security.web.access.intercept.AuthorizationFilter@5a51ed9d]
2023-04-05T11:14:27.199+08:00  INFO 3332 --- [restartedMain] o.s.b.d.a.OptionalLiveReloadServer       : LiveReload server is running on port 35729
2023-04-05T11:14:27.217+08:00  INFO 3332 --- [restartedMain] o.s.b.w.embedded.tomcat.TomcatWebServer  : Tomcat started on port(s): 8080 (http) with context path ''
2023-04-05T11:14:27.222+08:00  INFO 3332 --- [restartedMain] com.mow.MealsOnWheelsApiApplication      : Started MealsOnWheelsApiApplication in 2.26 seconds (process running for 2.557)
2023-04-05T11:14:47.068+08:00  INFO 3332 --- [http-nio-8080-exec-1] o.a.c.c.C.[Tomcat].[localhost].[/]       : Initializing Spring DispatcherServlet 'dispatcherServlet'
2023-04-05T11:14:47.068+08:00  INFO 3332 --- [http-nio-8080-exec-1] o.s.web.servlet.DispatcherServlet        : Initializing Servlet 'dispatcherServlet'
2023-04-05T11:14:47.069+08:00  INFO 3332 --- [http-nio-8080-exec-1] o.s.web.servlet.DispatcherServlet        : Completed initialization in 0 ms
